#
# A fatal error has been detected by the Java Runtime Environment:
#
#  SIGSEGV (0xb) at pc=0x00007fff9a549715, pid=86535, tid=68619
#
# JRE version: Java(TM) SE Runtime Environment (8.0_73-b02) (build 1.8.0_73-b02)
# Java VM: Java HotSpot(TM) 64-Bit Server VM (25.73-b02 mixed mode bsd-amd64 compressed oops)
# Problematic frame:
# C  [libsystem_c.dylib+0x53715]  _vsnprintf+0x54
#
# Failed to write core dump. Core dumps have been disabled. To enable core dumping, try "ulimit -c unlimited" before starting Java again
#
# If you would like to submit a bug report, please visit:
#   http://bugreport.java.com/bugreport/crash.jsp
#

---------------  T H R E A D  ---------------

Current thread (0x00007fc4ca44f800):  JavaThread "Thread-10" daemon [_thread_in_vm, id=68619, stack(0x0000700003e0f000,0x000070000400f000)]

siginfo: si_signo: 11 (SIGSEGV), si_code: 0 (unknown), si_addr: 0x0000000000000000

Registers:
RAX=0x0000000102e2de5c, RBX=0x00000000000007d0, RCX=0x00000000000007d0, RDX=0x0000000102e2e0c4
RSP=0x0000000102e2dd6c, RBP=0x0000000102e2df5c, RSI=0x0000000000000000, RDI=0xffffffffffffffff
R8 =0x00007fff7de226b8, R9 =0x000000010240692c, R10=0x000000010240692c, R11=0x0000000103304220
R12=0xffffffffffffffff, R13=0x0000000000000000, R14=0x0000000102e2e0c4, R15=0x00007fff7de226b8
RIP=0x00007fff9a549715, EFLAGS=0x0000000000010216, ERR=0x0000000000000000
  TRAPNO=0x000000000000000d

Top of Stack: (sp=0x0000000102e2dd6c)
0x0000000102e2dd6c:   4c382444894c4024 000000010240692c
0x0000000102e2dd7c:   894c20245c894c28 10246c894c182464
0x0000000102e2dd8c:   3c894c082474894c 01023cdc34bf4824
0x0000000102e2dd9c:   e2dd3fbe48000000 d48b480000000102
0x0000000102e2ddac:   3cefbfe8f0e48348 0000087e8148f4ff
0x0000000102e2ddbc:   fffffe67850f0000 75f33b4810c68348
0x0000000102e2ddcc:   04894810ec8348e9 00000398978b4124
0x0000000102e2dddc:   00000114840fd285 0000000102e2de5c
0x0000000102e2ddec:   4c0824448d480000 8949ff8b49c86d89
0x0000000102e2ddfc:   878949000001e8af 000fc4f7000001d8
0x0000000102e2de0c:   00000012840f0000 2b5eafe8155f6f08
0x0000000102e2de1c:   0005e908c48348ff 49ff2b5ea1e80000
0x0000000102e2de2c:   00000000000000ba 000001d897894d00
0x0000000102e2de3c:   000000000000ba49 0001e897894d0000
0x0000000102e2de4c:   000002d4bf8b4100 840f00000001c7f7
0x0000000102e2de5c:   0000000000000000 00000025850f0000
0x0000000102e2de6c:   840f0000155f6ee8 08ec834800000012
0x0000000102e2de7c:   c48348ff2b2139e8 2be800000005e908
0x0000000102e2de8c:   bf8b49e0ffff2b21 0fff854800000388
0x0000000102e2de9c:   6c7f8b0000003b84 00002f850f01ff83
0x0000000102e2deac:   00000388bf8b4900 00000fc4f7707f8b
0x0000000102e2debc:   4800000012840f00 ff2b249b83f86df8
0x0000000102e2decc:   000005e908c48348 e0ffff2b248de800
0x0000000102e2dedc:   00000000087f8149 f1e900000005840f
0x0000000102e2deec:   4cc86d8b4cfffd67 24048b48c3d0758b
0x0000000102e2defc:   c1233d8010c48348 00003a840f00ff8a
0x0000000102e2df0c:   04894810ec834800 ff8b49e8758b4824
0x0000000102e2df1c:   840f00008e422f48 08ec834800000012
0x0000000102e2df2c:   8000a9d42443fe62 0000000102e2e0ac
0x0000000102e2df3c:   0000000102e2e0c4 00000000000007d0
0x0000000102e2df4c:   000000010240692c 00000000000007d0
0x0000000102e2df5c:   0000000102e2df9c 00007fff9a5499ca 

Instructions: (pc=0x00007fff9a549715)
0x00007fff9a5496f5:   48 89 45 d0 48 8d 85 00 ff ff ff 48 89 85 88 fe
0x00007fff9a549705:   ff ff 48 c7 85 00 ff ff ff 00 00 00 00 0f 57 c0
0x00007fff9a549715:   0f 29 85 e0 fe ff ff 0f 29 85 d0 fe ff ff 0f 29
0x00007fff9a549725:   85 c0 fe ff ff c6 85 f6 fe ff ff 00 66 c7 85 f4 

Register to memory mapping:

RAX=